MPASM  5.20                      SMBSLAVE.ASM   6-1-2010  19:50:29         PAGE  1


LOC  OBJECT CODE     LINE SOURCE TEXT
  VALUE

                      00001 ;---------------------------------------------------------------------
                      00002 ; File: smbslave.asm
                      00003 ; Wrapper for I2C driven slave device.  Note this is boiler plate code
                      00004 ; which uses the inversion of control pattern to call application
                      00005 ; specific code which implements the calls defined in smb.inc namely
                      00006 ; SMBRead
                      00007 ; SMBWrite
                      00008 ; SMBRdEnd
                      00009 ; To use this module, define the routines above, call SMBInit with the
                      00010 ; node address (shifted left to make an 8 bit addr) in W, then goto
                      00011 ; SMBHandler.  SMBHandler will then call SMBRead, SMBWrite and SMBRdEnd
                      00012 ; appropriately.  Note application code should read smbaddr to see where
                      00013 ; a read or write should come from or go to but should not change it.
                      00014 ; Note that this code is for PIC16 family only - see AN734 for changes
                      00015 ; for PIC18 family.
                      00016 ;--------------------------------------------------------------------
                      00017 ;
                      00018 ;
                      00019 ;---------------------------------------------------------------------
                      00020 ;---------------------------------------------------------------------
                      00021 ; Include Files
                      00022 ;---------------------------------------------------------------------
                      00023                         LIST   P=PIC16F818
                      00024                         #include P16F818.INC
                      00001         LIST
                      00002 ; P16F818.INC  Standard Header File, Version 1.00    Microchip Technology, Inc.
                      00316         LIST
                      00025                         #define _SMBSLAVE
                      00026                         #include smb.inc
                      00001 ;---------------------------------------------------------------------
                      00002 ; File: smb.inc
                      00003 ; Definitions for external SMB functions and callbacks.
                      00004 ; Define _SMBSLAVE when including in smbslave.asm
                      00005 ;--------------------------------------------------------------------
                      00006 
                      00007 ;---------------------------------------------------------------------
                      00008 ; Callbacks implemented by calling program
                      00009 ;---------------------------------------------------------------------
                      00010 
                      00011 #ifdef _SMBSLAVE
                      00012     ; Called with byte written to device in W.  Current address in smbaddr.
  0000                00013     extern SMBWrite
                      00014 
                      00015     ; Called to get byte from current SMB address (in smbaddr) and return 
                      00016     ; it in W
  0000                00017     extern SMBRead
                      00018 
                      00019     ; Called once a read from a slave is complete (master has
                      00020     ; asserted NACK at the end of the read).
  0000                00021     extern SMBRdEnd
                      00022 
                      00023         ; Called in polling loop
  0000                00024         extern SMBPoll
MPASM  5.20                      SMBSLAVE.ASM   6-1-2010  19:50:29         PAGE  2


LOC  OBJECT CODE     LINE SOURCE TEXT
  VALUE

                      00025 
                      00026 #else
                      00027     ; Called with byte written to device in W.  Current address in smbaddr.
                      00028     global SMBWrite
                      00029 
                      00030     ; Called to get byte from current SMB address (in smbaddr) and return 
                      00031     ; it in W
                      00032     global SMBRead
                      00033 
                      00034     ; Called once a read from a slave is complete (master has
                      00035     ; asserted NACK at the end of the read).
                      00036     global SMBRdEnd
                      00037 
                      00038         ; Called in polling loop
                      00039         global SMBPoll
                      00040 
                      00041 #endif
                      00042 
                      00043 
                      00044 ;---------------------------------------------------------------------
                      00045 ; Entry points (and variable) for SMB slave code.
                      00046 ;---------------------------------------------------------------------
                      00047 
                      00048 #ifdef _SMBSLAVE
                      00049 
                      00050     ; Call with left shifted slave address in W
  0000                00051         global SMBInit
                      00052 
                      00053     ; Goto to handle input
  0000                00054         global SMBHandler
                      00055 
                      00056     ; Current SMB (i.e. on device) address.
  0000                00057         global smbaddr
                      00058 
                      00059 #else     
                      00060     ; Call with left shifted slave address in W
                      00061         extern SMBInit
                      00062 
                      00063     ; Goto to handle input
                      00064         extern SMBHandler
                      00065 
                      00066     ; Current SMB (i.e. on device) address.
                      00067         extern smbaddr
                      00068 
                      00069 
                      00070 
                      00071 #endif
                      00072 
                      00027         
                      00028 ;---------------------------------------------------------------------
                      00029 ; Variable declarations
                      00030 ;---------------------------------------------------------------------
                      00031                 udata
MPASM  5.20                      SMBSLAVE.ASM   6-1-2010  19:50:29         PAGE  3


LOC  OBJECT CODE     LINE SOURCE TEXT
  VALUE

0000                  00032 smbidx  res 1   ; smbidx of bytes read/received
0001                  00033 smbaddr res 1   ; SMBUS address - don't confuse with I2C address!
0002                  00034 smbtmp  res 1 ;
                      00035 
                      00036 
                      00037 
                      00038 ;---------------------------------------------------------------------
                      00039 ; Bitmasks for SSPSTAT
  00000080            00040 SSPSMP  equ 0x80
  00000040            00041 SSPCKE  equ 0x40
  00000020            00042 SSPDA   equ 0x20
  00000010            00043 SSPP    equ 0x10
  00000008            00044 SSPS    equ 0x08
  00000004            00045 SSPRW   equ 0x04
  00000002            00046 SSPUA   equ 0x02
  00000001            00047 SSPBF   equ 0x01
                      00048 
                      00049                 code
                      00050 
                      00051 ;---------------------------------------------------------------------
                      00052 ; SMBInit
                      00053 ; Initializes program variables and peripheral registers for I2C slave.
                      00054 ; Pass node address (as 8 bit) in W
                      00055 ;---------------------------------------------------------------------
0000                  00056 SMBInit
0000   ???? ????      00057         banksel smbtmp  ; save slave address in smbtmp
0002   00??           00058         movwf smbtmp
                      00059  
                      00060         ;RB1 (SDA) and RB4 (SCL) must be set as input (bits set).
0003   1683 1303      00061         banksel TRISB
Message[302]: Register in operand not in bank 0.  Ensure that bank bits are correct.
0005   0806           00062         movf TRISB,W
0006   3812           00063         iorlw b'00010010' ; Bits 4 and 1 as inputs.
Message[302]: Register in operand not in bank 0.  Ensure that bank bits are correct.
0007   0086           00064         movwf TRISB
                      00065 
                      00066         ; Configure SSP control
0008   1283 1303      00067         banksel SSPCON
000A   3036           00068         movlw 0x36 ; Setup SSP module for 7-bit:
                      00069                                 ; SMP = 0 (Not i2c)
                      00070                                 ; CKE = 0 (not i2c)
                      00071                                 ; SSPEN = 1 - enable SSP module
                      00072                                 ; CKP = 1 - allow clock to float so master can drive it.
                      00073                                 ; 0110 = I2C Slave mode, 7-bit address
000B   0094           00074         movwf SSPCON ; address, slave mode
                      00075 
                      00076         ; Set up slave address previously saved in smbtmp
000C   ???? ????      00077         banksel smbtmp
000E   08??           00078         movfw smbtmp
000F   1683 1303      00079         banksel SSPADD
Message[302]: Register in operand not in bank 0.  Ensure that bank bits are correct.
0011   0093           00080         movwf SSPADD
                      00081         
MPASM  5.20                      SMBSLAVE.ASM   6-1-2010  19:50:29         PAGE  4


LOC  OBJECT CODE     LINE SOURCE TEXT
  VALUE

0012   1683 1303      00082         banksel SSPSTAT
Message[302]: Register in operand not in bank 0.  Ensure that bank bits are correct.
0014   0194           00083         clrf SSPSTAT
                      00084 
0015   1683 1303      00085         banksel PIE1 ; Disable SSP interrupts as we poll.
Message[302]: Register in operand not in bank 0.  Ensure that bank bits are correct.
0017   118C           00086         bcf PIE1,SSPIE
                      00087 
0018   1283 1303      00088         banksel PIR1 ; Reset any outstanding serial interupt
001A   118C           00089     bcf PIR1,SSPIF
                      00090 
001B   ???? ????      00091         banksel smbidx ; Clear various program variables
001D   01??           00092         clrf smbidx
001E   01??           00093     clrf smbaddr
001F   01??           00094     clrf smbtmp
                      00095 
0020   0008           00096         return
                      00097 
                      00098 ;---------------------------------------------------------------------
                      00099 ; SMBHandler
                      00100 ; Main I2C slave handler.
                      00101 ;---------------------------------------------------------------------
0021                  00102 SMBHandler
0021   2???           00103         call SMBPoll    ; polling loop.
0022   1283 1303      00104         banksel PIR1
0024   0064           00105         clrwdt ; Clear the watchdog timer.
0025   1D8C           00106         btfss PIR1,SSPIF ; Is this a SSP interrupt?
0026   2???           00107         goto SMBHandler ;No - false alarm so keep looking
0027   118C           00108         bcf PIR1,SSPIF
0028   2???           00109         call SSP_Handler ; Yes, service SSP event
0029   2???           00110     goto SMBHandler
                      00111 
                      00112 ;---------------------------------------------------------------------
                      00113 ; The I2C code below checks for 5 states:
                      00114 ;---------------------------------------------------------------------
                      00115 ; State 1: I2C write operation, last byte was an address byte.
                      00116 ;
                      00117 ; SSPSTAT bits: S = 1, D_A = 0, R_W = 0, BF = 1
                      00118 ;
                      00119 ; State 2: I2C write operation, last byte was a data byte.
                      00120 ;
                      00121 ; SSPSTAT bits: S = 1, D_A = 1, R_W = 0, BF = 1
                      00122 ;
                      00123 ; State 3: I2C read operation, last byte was an address byte.
                      00124 ;
                      00125 ; SSPSTAT bits: S = 1, D_A = 0, R_W = 1, BF = 0
                      00126 ;
                      00127 ; State 4: I2C read operation, last byte was a data byte.
                      00128 ;
                      00129 ; SSPSTAT bits: S = 1, D_A = 1, R_W = 1, BF = 0
                      00130 ;
                      00131 ; State 5: Slave I2C logic reset by NACK from master.
                      00132 ;
MPASM  5.20                      SMBSLAVE.ASM   6-1-2010  19:50:29         PAGE  5


LOC  OBJECT CODE     LINE SOURCE TEXT
  VALUE

                      00133 ; SSPSTAT bits: S = 1, D_A = 1, R_W = 0, BF = 0
                      00134 ;
                      00135 ; For convenience, WriteI2C and ReadI2C functions have been used.
                      00136 ;----------------------------------------------------------------------
002A                  00137 SSP_Handler
002A   1683 1303      00138         banksel SSPSTAT
Message[302]: Register in operand not in bank 0.  Ensure that bank bits are correct.
002C   0814           00139         movf SSPSTAT,W ; Get the value of SSPSTAT
002D   392D           00140         andlw (SSPS+SSPDA+SSPRW+SSPBF) ; Only want Start, D/A, R/W and BF bits
002E   ???? ????      00141         banksel smbtmp ; Put masked value in smbtmp
0030   00??           00142         movwf smbtmp ; for comparision checking.
0031                  00143 State1: 
                      00144     ; Write operation, last byte was an address
                      00145         ; Having just received the address byte for this device we
                      00146         ; reset our internal byte counter so we know to pick up the
                      00147         ; first data byte as a SMB internal address.
0031   3009           00148         movlw (SSPS + SSPBF); ; (address + write) 
0032   06??           00149         xorwf smbtmp,W ;
0033   1D03           00150         btfss STATUS,Z ; Are we in State1?
0034   2???           00151         goto State2 ; No, check for next state.....
0035   ???? ????      00152     banksel smbidx
0037   01??           00153         clrf smbidx ; Clear the receive index.
0038   2???           00154         call ReadI2C ; Do a dummy read of the SSPBUF.
0039   1283 1303      00155     banksel SSPCON
003B   1614           00156         bsf SSPCON,CKP ; Release the clock 
003C   0008           00157         return
                      00158 
003D                  00159 State2: 
                      00160     ; Write operation, last byte was data.
                      00161         ; Device selected and smbidx keeps track of the count of 
                      00162         ; bytes received.  When index is 0 it's an internal address
                      00163         ; byte so we save it in smbaddr. Otherwise we call SMBWrite
                      00164         ; with the received byte in W
003D   3029           00165         movlw (SSPS + SSPDA + SSPBF) ; buffer is full.
003E   06??           00166         xorwf smbtmp,W
003F   1D03           00167         btfss STATUS,Z ; Are we in State2?
0040   2???           00168         goto State3 ; No, check for next state.....
0041   2???           00169         call ReadI2C ; Get the byte from the SSP.
0042   ???? ????      00170     banksel smbidx
0044   08??           00171         movf smbidx,F ; move smbidx to itself - test for zero
0045   1D03           00172         btfss STATUS,Z ; if zero flag is set - byte is smb address
0046   2???           00173     goto S2wr
0047   ???? ????      00174         banksel smbaddr
0049   00??           00175     movwf smbaddr ; save address byte
004A   ???? ????      00176         banksel smbidx
004C   0A??           00177     incf smbidx,F
004D   0008           00178         return
004E                  00179 S2wr:
Message[312]: Page or Bank selection not needed for this device.  No code generated.
                      00180     pagesel SMBWrite ; write byte to current SMB address
004E   2???           00181     call SMBWrite
004F   ???? ????      00182         banksel smbidx
0051   0A??           00183     incf smbidx,F
MPASM  5.20                      SMBSLAVE.ASM   6-1-2010  19:50:29         PAGE  6


LOC  OBJECT CODE     LINE SOURCE TEXT
  VALUE

0052   ???? ????      00184         banksel smbaddr
0054   0A??           00185         incf smbaddr,F
0055   0008           00186     return
                      00187 
0056                  00188 State3: 
                      00189     ; Read operation, last byte was an address byte
                      00190         ; This is putting the device into read mode.  There must
                      00191         ; have been a write to set up the address before this
                      00192         ; Address is set up in smbaddr, calls SMBRead which 
                      00193         ; should return with the data to be sent back in w.
0056   08??           00194     movf  smbtmp,W    
0057   392C           00195     andlw (SSPS+SSPDA+SSPRW) ; Mask out BF bit in SSPSTAT
0058   3A0C           00196     xorlw (SSPS+SSPRW)
0059   1D03           00197         btfss STATUS,Z ; Are we in State3?
005A   2???           00198         goto State4 ; No, check for next state.....
Message[312]: Page or Bank selection not needed for this device.  No code generated.
                      00199         pagesel SMBRead ;get byte to return in W
005B   2???           00200         call SMBRead
005C   2???           00201         call WriteI2C ; Write the byte to SSPBUF
005D   ???? ????      00202         banksel smbidx
005F   0A??           00203         incf smbidx,F
0060   ???? ????      00204         banksel smbaddr
0062   0A??           00205         incf smbaddr,F
0063   0008           00206         return
                      00207 
0064                  00208 State4: 
                      00209     ; Read operation, last byte was data,
                      00210         ; Continued read operation and, as we had an ack,
                      00211     ; master is expecting another byte.
                      00212         ; current read address in smbaddr.
0064   302C           00213         movlw (SSPS+SSPDA+SSPRW) ; buffer is empty.
0065   06??           00214         xorwf smbtmp,W
0066   1D03           00215         btfss STATUS,Z ; Are we in State4?
0067   2???           00216         goto State5 ; No, check for next state....
Message[312]: Page or Bank selection not needed for this device.  No code generated.
                      00217     pagesel SMBRead ;get byte to return in W
0068   2???           00218         call SMBRead
0069   2???           00219         call WriteI2C ; Write to SSPBUF
006A   ???? ????      00220         banksel smbidx
006C   0A??           00221         incf smbidx,F
006D   ???? ????      00222         banksel smbaddr
006F   0A??           00223         incf smbaddr,F
0070   0008           00224         return
                      00225 
0071                  00226 State5:
                      00227     ; When master has read the last byte it's expecting it
                      00228     ; should assert NAK at the end of the transmission. Hence
                      00229     ; this should signal end of TX.
                      00230         ; SSPCON - bank 0
0071   3028           00231     movlw (SSPS+SSPDA) ; A NACK was received when transmitting
0072   06??           00232         xorwf smbtmp,W ; data back from the master. Slave logic
0073   1D03           00233         btfss STATUS,Z ; is reset in this case. R_W = 0, D_A = 1
0074   2???           00234         goto I2CErr ; and BF = 0
MPASM  5.20                      SMBSLAVE.ASM   6-1-2010  19:50:29         PAGE  7


LOC  OBJECT CODE     LINE SOURCE TEXT
  VALUE

0075   1283 1303      00235     banksel SSPCON
0077   1614           00236         bsf SSPCON,CKP ; Release the clock 
Message[312]: Page or Bank selection not needed for this device.  No code generated.
                      00237     pagesel SMBRdEnd
0078   2???           00238         call SMBRdEnd
0079   0008           00239         return 
                      00240 
                      00241 
                      00242 ; If we aren’t in State5, then something is
                      00243 ; wrong.
007A                  00244 I2CErr 
007A   0000           00245         nop
007B   2???           00246         goto $ ; device, if enabled.
007C   0008           00247         return
                      00248 
                      00249 ;---------------------------------------------------------------------
                      00250 ; WriteI2C
                      00251 ; Sends a byte in W back to the master and releases the clock so
                      00252 ; that the master can read the data.
                      00253 ; SSPBUF - bank 0
                      00254 ; SSPCON - bank 0
                      00255 ; SSPSTAT - bank 1
                      00256 ;---------------------------------------------------------------------
007D                  00257 WriteI2C
007D   1683 1303      00258         banksel SSPSTAT
Message[302]: Register in operand not in bank 0.  Ensure that bank bits are correct.
007F   1814           00259         btfsc SSPSTAT,BF ; Is the buffer full?
0080   2???           00260         goto WriteI2C ; Yes, keep waiting.
0081   1283 1303      00261         banksel SSPCON ; No, continue. (page 0)
0083                  00262 DoI2CWrite
0083   1394           00263         bcf SSPCON,WCOL; Clear the WCOL flag.
0084   0093           00264         movwf SSPBUF ; Write the byte in WREG
0085   1B94           00265         btfsc SSPCON,WCOL; Was there a write collision?
0086   2???           00266         goto DoI2CWrite
0087   1614           00267         bsf SSPCON,CKP ; Release the clock so master can clock out of SSPCON
0088   0008           00268         return
                      00269 
                      00270 ;---------------------------------------------------------------------
                      00271 ; ReadI2C
                      00272 ; Reads the byte written to the slave and returns it in W
                      00273 ; SSPBUF - bank 0
                      00274 ;---------------------------------------------------------------------
0089                  00275 ReadI2C
0089   1283 1303      00276         banksel SSPBUF
008B   0813           00277         movf SSPBUF,W ; Get the byte and put in WREG
008C   0008           00278         return
                      00279 
                      00280         end ; End of file
MPASM  5.20                      SMBSLAVE.ASM   6-1-2010  19:50:29         PAGE  8


SYMBOL TABLE
  LABEL                             VALUE 

ADCON0                            0000001F
ADCON1                            0000009F
ADCS0                             00000006
ADCS1                             00000007
ADCS2                             00000006
ADFM                              00000007
ADIE                              00000006
ADIF                              00000006
ADON                              00000000
ADRESH                            0000001E
ADRESL                            0000009E
BF                                00000000
C                                 00000000
CCP1CON                           00000017
CCP1IE                            00000002
CCP1IF                            00000002
CCP1M0                            00000000
CCP1M1                            00000001
CCP1M2                            00000002
CCP1M3                            00000003
CCP1X                             00000005
CCP1Y                             00000004
CCPR1H                            00000016
CCPR1L                            00000015
CHS0                              00000003
CHS1                              00000004
CHS2                              00000005
CKE                               00000006
CKP                               00000004
D                                 00000005
DATA_ADDRESS                      00000005
DC                                00000001
D_A                               00000005
DoI2CWrite                        00000083
EEADR                             0000010D
EEADRH                            0000010F
EECON1                            0000018C
EECON2                            0000018D
EEDATA                            0000010C
EEDATH                            0000010E
EEIE                              00000004
EEIF                              00000004
EEPGD                             00000007
F                                 00000001
FREE                              00000004
FSR                               00000004
GIE                               00000007
GO                                00000002
GO_DONE                           00000002
I2CErr                            0000007A
I2C_DATA                          00000005
I2C_READ                          00000002
I2C_START                         00000003
MPASM  5.20                      SMBSLAVE.ASM   6-1-2010  19:50:29         PAGE  9


SYMBOL TABLE
  LABEL                             VALUE 

I2C_STOP                          00000004
INDF                              00000000
INTCON                            0000000B
INTE                              00000004
INTEDG                            00000006
INTF                              00000001
IOFS                              00000002
IRCF0                             00000004
IRCF1                             00000005
IRCF2                             00000006
IRP                               00000007
NOT_A                             00000005
NOT_ADDRESS                       00000005
NOT_BO                            00000000
NOT_BOR                           00000000
NOT_DONE                          00000002
NOT_PD                            00000003
NOT_POR                           00000001
NOT_RBPU                          00000007
NOT_T1SYNC                        00000002
NOT_TO                            00000004
NOT_W                             00000002
NOT_WRITE                         00000002
OPTION_REG                        00000081
OSCCON                            0000008F
OSCTUNE                           00000090
P                                 00000004
PCFG0                             00000000
PCFG1                             00000001
PCFG2                             00000002
PCFG3                             00000003
PCL                               00000002
PCLATH                            0000000A
PCON                              0000008E
PEIE                              00000006
PIE1                              0000008C
PIE2                              0000008D
PIR1                              0000000C
PIR2                              0000000D
PORTA                             00000005
PORTB                             00000006
PR2                               00000092
PS0                               00000000
PS1                               00000001
PS2                               00000002
PSA                               00000003
R                                 00000002
RBIE                              00000003
RBIF                              00000000
RD                                00000000
READ_WRITE                        00000002
RP0                               00000005
RP1                               00000006
MPASM  5.20                      SMBSLAVE.ASM   6-1-2010  19:50:29         PAGE 10


SYMBOL TABLE
  LABEL                             VALUE 

R_W                               00000002
ReadI2C                           00000089
S                                 00000003
S2wr                              0000004E
SMBHandler                        00000021
SMBInit                           00000000
SMBPoll                           00000000
SMBRdEnd                          00000000
SMBRead                           00000000
SMBWrite                          00000000
SMP                               00000007
SSPADD                            00000093
SSPBF                             00000001
SSPBUF                            00000013
SSPCKE                            00000040
SSPCON                            00000014
SSPDA                             00000020
SSPEN                             00000005
SSPIE                             00000003
SSPIF                             00000003
SSPM0                             00000000
SSPM1                             00000001
SSPM2                             00000002
SSPM3                             00000003
SSPOV                             00000006
SSPP                              00000010
SSPRW                             00000004
SSPS                              00000008
SSPSMP                            00000080
SSPSTAT                           00000094
SSPUA                             00000002
SSP_Handler                       0000002A
STATUS                            00000003
State1                            00000031
State2                            0000003D
State3                            00000056
State4                            00000064
State5                            00000071
T0CS                              00000005
T0SE                              00000004
T1CKPS0                           00000004
T1CKPS1                           00000005
T1CON                             00000010
T1INSYNC                          00000002
T1OSCEN                           00000003
T2CKPS0                           00000000
T2CKPS1                           00000001
T2CON                             00000012
TMR0                              00000001
TMR0IE                            00000005
TMR0IF                            00000002
TMR1CS                            00000001
TMR1H                             0000000F
MPASM  5.20                      SMBSLAVE.ASM   6-1-2010  19:50:29         PAGE 11


SYMBOL TABLE
  LABEL                             VALUE 

TMR1IE                            00000000
TMR1IF                            00000000
TMR1L                             0000000E
TMR1ON                            00000000
TMR2                              00000011
TMR2IE                            00000001
TMR2IF                            00000001
TMR2ON                            00000002
TOUTPS0                           00000003
TOUTPS1                           00000004
TOUTPS2                           00000005
TOUTPS3                           00000006
TRISA                             00000085
TRISB                             00000086
TUN0                              00000000
TUN1                              00000001
TUN2                              00000002
TUN3                              00000003
TUN4                              00000004
TUN5                              00000005
UA                                00000001
W                                 00000000
WCOL                              00000007
WR                                00000001
WREN                              00000002
WRERR                             00000003
WriteI2C                          0000007D
Z                                 00000002
_.code_007B                       0000007B
_BODEN_OFF                        00003FBF
_BODEN_ON                         00003FFF
_CCP1_RB2                         00003FFF
_CCP1_RB3                         00002FFF
_CPD_OFF                          00003FFF
_CPD_ON                           00003EFF
_CP_ALL                           00001FFF
_CP_OFF                           00003FFF
_DEBUG_OFF                        00003FFF
_DEBUG_ON                         000037FF
_EXTCLK                           00003FEF
_EXTRC_CLKOUT                     00003FFF
_EXTRC_IO                         00003FFE
_HS_OSC                           00003FEE
_INTRC_CLKOUT                     00003FFD
_INTRC_IO                         00003FFC
_LP_OSC                           00003FEC
_LVP_OFF                          00003F7F
_LVP_ON                           00003FFF
_MCLR_OFF                         00003FDF
_MCLR_ON                          00003FFF
_PWRTE_OFF                        00003FFF
_PWRTE_ON                         00003FF7
_SMBSLAVE                         
MPASM  5.20                      SMBSLAVE.ASM   6-1-2010  19:50:29         PAGE 12


SYMBOL TABLE
  LABEL                             VALUE 

_WDT_OFF                          00003FFB
_WDT_ON                           00003FFF
_WRT_ENABLE_1024                  00003BFF
_WRT_ENABLE_512                   00003DFF
_WRT_ENABLE_OFF                   00003FFF
_XT_OSC                           00003FED
__16F818                          00000001
smbaddr                           00000001
smbidx                            00000000
smbtmp                            00000002

Errors   :     0
Warnings :     0 reported,     0 suppressed
Messages :    11 reported,     0 suppressed

